-encoding
UTF-8
-outxml
-source
6
-target
6
-classpath
/Users/bhagyasilva/.m2/repository/aopalliance/aopalliance/1.0/aopalliance-1.0.jar:/Users/bhagyasilva/.m2/repository/cglib/cglib-nodep/2.2.2/cglib-nodep-2.2.2.jar:/Users/bhagyasilva/.m2/repository/com/google/appengine/appengine-api-1.0-sdk/1.7.4/appengine-api-1.0-sdk-1.7.4.jar:/Users/bhagyasilva/.m2/repository/com/google/appengine/appengine-api-labs/1.7.4/appengine-api-labs-1.7.4.jar:/Users/bhagyasilva/.m2/repository/com/google/appengine/appengine-api-stubs/1.7.4/appengine-api-stubs-1.7.4.jar:/Users/bhagyasilva/.m2/repository/com/google/appengine/appengine-testing/1.7.4/appengine-testing-1.7.4.jar:/Users/bhagyasilva/.m2/repository/com/google/appengine/orm/datanucleus-appengine/2.1.1/datanucleus-appengine-2.1.1.jar:/Users/bhagyasilva/.m2/repository/commons-beanutils/commons-beanutils/1.8.3/commons-beanutils-1.8.3.jar:/Users/bhagyasilva/.m2/repository/commons-codec/commons-codec/1.5/commons-codec-1.5.jar:/Users/bhagyasilva/.m2/repository/commons-dbcp/commons-dbcp/1.3/commons-dbcp-1.3.jar:/Users/bhagyasilva/.m2/repository/commons-digester/commons-digester/2.1/commons-digester-2.1.jar:/Users/bhagyasilva/.m2/repository/commons-fileupload/commons-fileupload/1.2.2/commons-fileupload-1.2.2.jar:/Users/bhagyasilva/.m2/repository/commons-io/commons-io/2.1/commons-io-2.1.jar:/Users/bhagyasilva/.m2/repository/commons-pool/commons-pool/1.5.6/commons-pool-1.5.6.jar:/Users/bhagyasilva/.m2/repository/javax/el/el-api/2.2/el-api-2.2.jar:/Users/bhagyasilva/.m2/repository/javax/jdo/jdo-api/3.0/jdo-api-3.0.jar:/Users/bhagyasilva/.m2/repository/javax/servlet/servlet-api/2.5/servlet-api-2.5.jar:/Users/bhagyasilva/.m2/repository/javax/servlet/jsp/jsp-api/2.1/jsp-api-2.1.jar:/Users/bhagyasilva/.m2/repository/javax/servlet/jsp/jstl/jstl-api/1.2/jstl-api-1.2.jar:/Users/bhagyasilva/.m2/repository/javax/transaction/jta/1.1/jta-1.1.jar:/Users/bhagyasilva/.m2/repository/javax/transaction/transaction-api/1.1/transaction-api-1.1.jar:/Users/bhagyasilva/.m2/repository/javax/validation/validation-api/1.0.0.GA/validation-api-1.0.0.GA.jar:/Users/bhagyasilva/.m2/repository/joda-time/joda-time/1.6/joda-time-1.6.jar:/Users/bhagyasilva/.m2/repository/junit/junit/4.10/junit-4.10.jar:/Users/bhagyasilva/.m2/repository/log4j/log4j/1.2.16/log4j-1.2.16.jar:/Users/bhagyasilva/.m2/repository/net/sf/flexjson/flexjson/2.1/flexjson-2.1.jar:/Users/bhagyasilva/.m2/repository/org/apache/commons/commons-lang3/3.1/commons-lang3-3.1.jar:/Users/bhagyasilva/.m2/repository/org/apache/geronimo/specs/geronimo-jpa_2.0_spec/1.1/geronimo-jpa_2.0_spec-1.1.jar:/Users/bhagyasilva/.m2/repository/org/apache/tiles/tiles-api/2.2.2/tiles-api-2.2.2.jar:/Users/bhagyasilva/.m2/repository/org/apache/tiles/tiles-core/2.2.2/tiles-core-2.2.2.jar:/Users/bhagyasilva/.m2/repository/org/apache/tiles/tiles-jsp/2.2.2/tiles-jsp-2.2.2.jar:/Users/bhagyasilva/.m2/repository/org/apache/tiles/tiles-servlet/2.2.2/tiles-servlet-2.2.2.jar:/Users/bhagyasilva/.m2/repository/org/apache/tiles/tiles-template/2.2.2/tiles-template-2.2.2.jar:/Users/bhagyasilva/.m2/repository/org/aspectj/aspectjrt/1.7.0/aspectjrt-1.7.0.jar:/Users/bhagyasilva/.m2/repository/org/aspectj/aspectjweaver/1.7.0/aspectjweaver-1.7.0.jar:/Users/bhagyasilva/.m2/repository/org/datanucleus/datanucleus-api-jdo/3.1.3/datanucleus-api-jdo-3.1.3.jar:/Users/bhagyasilva/.m2/repository/org/datanucleus/datanucleus-api-jpa/3.1.3/datanucleus-api-jpa-3.1.3.jar:/Users/bhagyasilva/.m2/repository/org/datanucleus/datanucleus-core/3.1.3/datanucleus-core-3.1.3.jar:/Users/bhagyasilva/.m2/repository/org/datanucleus/datanucleus-enhancer/3.1.1/datanucleus-enhancer-3.1.1.jar:/Users/bhagyasilva/.m2/repository/org/datanucleus/datanucleus-rdbms/3.1.3/datanucleus-rdbms-3.1.3.jar:/Users/bhagyasilva/.m2/repository/org/glassfish/web/jstl-impl/1.2/jstl-impl-1.2.jar:/Users/bhagyasilva/.m2/repository/org/hibernate/hibernate-validator/4.3.1.Final/hibernate-validator-4.3.1.Final.jar:/Users/bhagyasilva/.m2/repository/org/jboss/logging/jboss-logging/3.1.0.CR2/jboss-logging-3.1.0.CR2.jar:/Users/bhagyasilva/.m2/repository/org/ow2/asm/asm/4.0/asm-4.0.jar:/Users/bhagyasilva/.m2/repository/org/slf4j/jcl-over-slf4j/1.7.2/jcl-over-slf4j-1.7.2.jar:/Users/bhagyasilva/.m2/repository/org/slf4j/slf4j-api/1.7.2/slf4j-api-1.7.2.jar:/Users/bhagyasilva/.m2/repository/org/slf4j/slf4j-log4j12/1.7.2/slf4j-log4j12-1.7.2.jar:/Users/bhagyasilva/.m2/repository/org/springframework/spring-aop/3.2.0.RELEASE/spring-aop-3.2.0.RELEASE.jar:/Users/bhagyasilva/.m2/repository/org/springframework/spring-aspects/3.2.0.RELEASE/spring-aspects-3.2.0.RELEASE.jar:/Users/bhagyasilva/.m2/repository/org/springframework/spring-beans/3.2.0.RELEASE/spring-beans-3.2.0.RELEASE.jar:/Users/bhagyasilva/.m2/repository/org/springframework/spring-context/3.2.0.RELEASE/spring-context-3.2.0.RELEASE.jar:/Users/bhagyasilva/.m2/repository/org/springframework/spring-context-support/3.2.0.RELEASE/spring-context-support-3.2.0.RELEASE.jar:/Users/bhagyasilva/.m2/repository/org/springframework/spring-core/3.2.0.RELEASE/spring-core-3.2.0.RELEASE.jar:/Users/bhagyasilva/.m2/repository/org/springframework/spring-expression/3.2.0.RELEASE/spring-expression-3.2.0.RELEASE.jar:/Users/bhagyasilva/.m2/repository/org/springframework/spring-jdbc/3.2.0.RELEASE/spring-jdbc-3.2.0.RELEASE.jar:/Users/bhagyasilva/.m2/repository/org/springframework/spring-orm/3.2.0.RELEASE/spring-orm-3.2.0.RELEASE.jar:/Users/bhagyasilva/.m2/repository/org/springframework/spring-test/3.2.0.RELEASE/spring-test-3.2.0.RELEASE.jar:/Users/bhagyasilva/.m2/repository/org/springframework/spring-tx/3.2.0.RELEASE/spring-tx-3.2.0.RELEASE.jar:/Users/bhagyasilva/.m2/repository/org/springframework/spring-web/3.2.0.RELEASE/spring-web-3.2.0.RELEASE.jar:/Users/bhagyasilva/.m2/repository/org/springframework/spring-webmvc/3.2.0.RELEASE/spring-webmvc-3.2.0.RELEASE.jar:/Users/bhagyasilva/.m2/repository/org/springframework/roo/org.springframework.roo.annotations/1.2.3.RELEASE/org.springframework.roo.annotations-1.2.3.RELEASE.jar:/Users/bhagyasilva/.m2/repository/org/springframework/webflow/spring-js-resources/2.2.1.RELEASE/spring-js-resources-2.2.1.RELEASE.jar:/Users/bhagyasilva/workspaces/personal/roo_workspace/roostrap/target/classes
-aspectpath
/Users/bhagyasilva/.m2/repository/org/springframework/spring-aspects/3.2.0.RELEASE/spring-aspects-3.2.0.RELEASE.jar
-d
/Users/bhagyasilva/workspaces/personal/roo_workspace/roostrap/target/classes
/Users/bhagyasilva/workspaces/personal/roo_workspace/roostrap/src/main/java/com/intera/roostrap/web/PersonController.java
/Users/bhagyasilva/workspaces/personal/roo_workspace/roostrap/src/main/java/com/intera/roostrap/domain/City_Roo_Jpa_ActiveRecord.aj
/Users/bhagyasilva/workspaces/personal/roo_workspace/roostrap/src/main/java/com/intera/roostrap/domain/Person.java
/Users/bhagyasilva/workspaces/personal/roo_workspace/roostrap/src/main/java/com/intera/roostrap/web/CountryController.java
/Users/bhagyasilva/workspaces/personal/roo_workspace/roostrap/src/main/java/com/intera/roostrap/domain/City_Roo_JavaBean.aj
/Users/bhagyasilva/workspaces/personal/roo_workspace/roostrap/src/main/java/com/intera/roostrap/web/ApplicationConversionServiceFactoryBean.java
/Users/bhagyasilva/workspaces/personal/roo_workspace/roostrap/src/main/java/com/intera/roostrap/domain/Country_Roo_ToString.aj
/Users/bhagyasilva/workspaces/personal/roo_workspace/roostrap/src/main/java/com/intera/roostrap/domain/Country_Roo_JavaBean.aj
/Users/bhagyasilva/workspaces/personal/roo_workspace/roostrap/src/main/java/com/intera/roostrap/domain/Country_Roo_Jpa_ActiveRecord.aj
/Users/bhagyasilva/workspaces/personal/roo_workspace/roostrap/src/main/java/com/intera/roostrap/domain/Person_Roo_ToString.aj
/Users/bhagyasilva/workspaces/personal/roo_workspace/roostrap/src/main/java/com/intera/roostrap/web/CountryController_Roo_Controller.aj
/Users/bhagyasilva/workspaces/personal/roo_workspace/roostrap/src/main/java/com/intera/roostrap/domain/Country.java
/Users/bhagyasilva/workspaces/personal/roo_workspace/roostrap/src/main/java/com/intera/roostrap/domain/Country_Roo_Configurable.aj
/Users/bhagyasilva/workspaces/personal/roo_workspace/roostrap/src/main/java/com/intera/roostrap/domain/Person_Roo_Jpa_ActiveRecord.aj
/Users/bhagyasilva/workspaces/personal/roo_workspace/roostrap/src/main/java/com/intera/roostrap/domain/City.java
/Users/bhagyasilva/workspaces/personal/roo_workspace/roostrap/src/main/java/com/intera/roostrap/web/PersonController_Roo_Controller.aj
/Users/bhagyasilva/workspaces/personal/roo_workspace/roostrap/src/main/java/com/intera/roostrap/domain/Person_Roo_JavaBean.aj
/Users/bhagyasilva/workspaces/personal/roo_workspace/roostrap/src/main/java/com/intera/roostrap/domain/City_Roo_ToString.aj
/Users/bhagyasilva/workspaces/personal/roo_workspace/roostrap/src/main/java/com/intera/roostrap/web/CityController_Roo_Controller.aj
/Users/bhagyasilva/workspaces/personal/roo_workspace/roostrap/src/main/java/com/intera/roostrap/domain/City_Roo_Configurable.aj
/Users/bhagyasilva/workspaces/personal/roo_workspace/roostrap/src/main/java/com/intera/roostrap/domain/Person_Roo_Configurable.aj
/Users/bhagyasilva/workspaces/personal/roo_workspace/roostrap/src/main/java/com/intera/roostrap/web/ApplicationConversionServiceFactoryBean_Roo_ConversionService.aj
/Users/bhagyasilva/workspaces/personal/roo_workspace/roostrap/src/main/java/com/intera/roostrap/domain/Person_Roo_Jpa_Entity.aj
/Users/bhagyasilva/workspaces/personal/roo_workspace/roostrap/src/main/java/com/intera/roostrap/domain/Country_Roo_Jpa_Entity.aj
/Users/bhagyasilva/workspaces/personal/roo_workspace/roostrap/src/main/java/com/intera/roostrap/web/CityController.java
/Users/bhagyasilva/workspaces/personal/roo_workspace/roostrap/src/main/java/com/intera/roostrap/domain/City_Roo_Jpa_Entity.aj
